[debug] > Exec(early(addDefaultCommands), None, None)
[debug] > Exec(addDefaultCommands, None, None)
[debug] > Exec(early(initialize), None, None)
[debug] > Exec(initialize, None, None)
[debug] > Exec(early(addPluginSbtFile="""C:\Users\n_ode\AppData\Local\Temp\idea.sbt"""), None, None)
[debug] > Exec(addPluginSbtFile="""C:\Users\n_ode\AppData\Local\Temp\idea.sbt""", None, None)
[debug] > Exec(boot, None, None)
[debug] > Exec(writeSbtVersion, None, None)
[debug] > Exec(reload, None, None)
[debug] > Exec(sbtStashOnFailure, None, None)
[debug] > Exec(onFailure loadFailed, None, None)
[debug] > Exec(loadp, None, None)
[info] welcome to sbt 1.11.4 (Oracle Corporation Java 17.0.12)
[debug]       Load.loadUnit: plugins took 93.0916ms
[debug]       Load.loadUnit: defsScala took 0.2244ms
[debug] [Loading] Scanning directory C:\Users\n_ode\.sbt\1.0\plugins
[debug] [Loading] Found non-root projects 
[debug] [Loading] Done in C:\Users\n_ode\.sbt\1.0\plugins, returning: ()
[debug] deducing auto plugins based on known facts Set(Atom(sbt.plugins.CorePlugin)) and clauses Clauses(Clause(Atom(sbt.plugins.JvmPlugin),Set(Atom(sbt.plugins.IvyPlugin)))
[debug] Clause(Atom(sbt.ScriptedPlugin),Set(Atom(sbt.plugins.JvmPlugin)))
[debug] Clause(Atom(sbt.plugins.SbtPlugin),Set(Atom(sbt.ScriptedPlugin)))
[debug] Clause(Atom(sbt.plugins.SemanticdbPlugin),Set(Atom(sbt.plugins.JvmPlugin)))
[debug] Clause(Atom(sbt.plugins.JUnitXmlReportPlugin),Set(Atom(sbt.plugins.JvmPlugin)))
[debug] Clause(Atom(sbt.plugins.MiniDependencyTreePlugin),Set(Atom(sbt.plugins.JvmPlugin)))
[debug] Clause(Atom(sbt.plugins.CorePlugin),Set(Atom(sbt.plugins.IvyPlugin)))
[debug] Clause(Atom(sbt.plugins.IvyPlugin),Set(Atom(sbt.plugins.JvmPlugin)))
[debug] Clause(Atom(sbt.plugins.JvmPlugin),Set(Atom(sbt.plugins.SemanticdbPlugin)))
[debug] Clause(Atom(sbt.plugins.JvmPlugin),Set(Atom(sbt.plugins.JUnitXmlReportPlugin)))
[debug] Clause(Atom(sbt.plugins.CorePlugin),Set(Atom(sbt.plugins.Giter8TemplatePlugin)))
[debug] Clause(Atom(sbt.plugins.JvmPlugin),Set(Atom(sbt.plugins.MiniDependencyTreePlugin))))
[debug]   :: deduced result: Matched(sbt.plugins.CorePlugin,sbt.plugins.Giter8TemplatePlugin,sbt.plugins.IvyPlugin,sbt.plugins.JvmPlugin,sbt.plugins.MiniDependencyTreePlugin,sbt.plugins.JUnitXmlReportPlugin,sbt.plugins.SemanticdbPlugin)
[debug] Plugins.deducer#function took 18.4874 ms
[debug]           Load.resolveProject(global-plugins) took 43.703ms
[debug]         Load.loadTransitive: finalizeProject(Project(id global-plugins, base: C:\Users\n_ode\.sbt\1.0\plugins, plugins: List(<none>))) took 83.398ms
[debug] [Loading] Done in C:\Users\n_ode\.sbt\1.0\plugins, returning: (global-plugins)
[debug]       Load.loadUnit: loadedProjectsRaw took 103.9778ms
[debug]       Load.loadUnit: cleanEvalClasses took 0.206ms
[debug]     Load.loadUnit(file:/C:/Users/n_ode/.sbt/1.0/plugins/, ...) took 206.2052ms
[debug]   Load.apply: load took 361.3629ms
[debug]   Load.apply: resolveProjects took 4.4856ms
[debug]   Load.apply: finalTransforms took 47.9419ms
[debug]   Load.apply: config.delegates took 6.1463ms
[debug]   Load.apply: Def.make(settings)... took 302.6767ms
[debug]   Load.apply: structureIndex took 79.258ms
[debug]   Load.apply: mkStreams took 1.3952ms
[info] loading global plugins from C:\Users\n_ode\.sbt\1.0\plugins
[debug] Running task... Cancel: Signal, check cycles: false, forcegc: true
[debug] Load.defaultLoad until apply took 1936.9281ms
[debug]           Load.loadUnit: plugins took 25.7603ms
[debug]           Load.loadUnit: defsScala took 0.0053ms
[debug] [Loading] Scanning directory C:\nita\nsutreja_repo\spark-retail-analytics-platform\project
[debug]             Load.loadUnit: mkEval took 7.019ms
[debug] [Loading] Found non-root projects 
[debug] [Loading] Done in C:\nita\nsutreja_repo\spark-retail-analytics-platform\project, returning: ()
[debug] deducing auto plugins based on known facts Set(Atom(sbt.plugins.CorePlugin)) and clauses Clauses(Clause(Atom(sbt.plugins.JvmPlugin),Set(Atom(sbt.plugins.IvyPlugin)))
[debug] Clause(Atom(sbt.ScriptedPlugin),Set(Atom(sbt.plugins.JvmPlugin)))
[debug] Clause(Atom(sbt.plugins.SbtPlugin),Set(Atom(sbt.ScriptedPlugin)))
[debug] Clause(Atom(sbt.plugins.SemanticdbPlugin),Set(Atom(sbt.plugins.JvmPlugin)))
[debug] Clause(Atom(sbt.plugins.JUnitXmlReportPlugin),Set(Atom(sbt.plugins.JvmPlugin)))
[debug] Clause(Atom(sbt.plugins.MiniDependencyTreePlugin),Set(Atom(sbt.plugins.JvmPlugin)))
[debug] Clause(Atom(sbt.plugins.CorePlugin),Set(Atom(sbt.plugins.IvyPlugin)))
[debug] Clause(Atom(sbt.plugins.IvyPlugin),Set(Atom(sbt.plugins.JvmPlugin)))
[debug] Clause(Atom(sbt.plugins.JvmPlugin),Set(Atom(sbt.plugins.SemanticdbPlugin)))
[debug] Clause(Atom(sbt.plugins.JvmPlugin),Set(Atom(sbt.plugins.JUnitXmlReportPlugin)))
[debug] Clause(Atom(sbt.plugins.CorePlugin),Set(Atom(sbt.plugins.Giter8TemplatePlugin)))
[debug] Clause(Atom(sbt.plugins.JvmPlugin),Set(Atom(sbt.plugins.MiniDependencyTreePlugin))))
[debug]   :: deduced result: Matched(sbt.plugins.CorePlugin,sbt.plugins.Giter8TemplatePlugin,sbt.plugins.IvyPlugin,sbt.plugins.JvmPlugin,sbt.plugins.MiniDependencyTreePlugin,sbt.plugins.JUnitXmlReportPlugin,sbt.plugins.SemanticdbPlugin)
[debug] Plugins.deducer#function took 1.9196 ms
[info] loading settings for project spark-retail-analytics-platform-build from idea.sbt...
[debug]               Load.resolveProject(spark-retail-analytics-platform-build) took 2.7216ms
[debug]             Load.loadTransitive: finalizeProject(Project(id spark-retail-analytics-platform-build, base: C:\nita\nsutreja_repo\spark-retail-analytics-platform\project, plugins: List(<none>))) took 5.1572ms
[debug] [Loading] Done in C:\nita\nsutreja_repo\spark-retail-analytics-platform\project, returning: (spark-retail-analytics-platform-build)
[debug]           Load.loadUnit: loadedProjectsRaw took 112.5063ms
[debug]           Load.loadUnit: cleanEvalClasses took 4.442ms
[debug]         Load.loadUnit(file:/C:/nita/nsutreja_repo/spark-retail-analytics-platform/project/, ...) took 143.6442ms
[debug]       Load.apply: load took 145.2695ms
[debug]       Load.apply: resolveProjects took 0.1281ms
[debug]       Load.apply: finalTransforms took 12.6662ms
[debug]       Load.apply: config.delegates took 0.4563ms
[debug]       Load.apply: Def.make(settings)... took 76.1235ms
[debug]       Load.apply: structureIndex took 30.5921ms
[debug]       Load.apply: mkStreams took 0.0028ms
[info] loading project definition from C:\nita\nsutreja_repo\spark-retail-analytics-platform\project
[debug] Running task... Cancel: Signal, check cycles: false, forcegc: true
[debug]     Load.loadUnit: plugins took 1258.0751ms
[debug]     Load.loadUnit: defsScala took 0.0045ms
[debug] [Loading] Scanning directory C:\nita\nsutreja_repo\spark-retail-analytics-platform
[debug]       Load.loadUnit: mkEval took 0.8127ms
[debug] [Loading] Found non-root projects 
[debug] [Loading] Done in C:\nita\nsutreja_repo\spark-retail-analytics-platform, returning: ()
[debug] deducing auto plugins based on known facts Set(Atom(sbt.plugins.CorePlugin)) and clauses Clauses(Clause(Atom(sbt.plugins.JvmPlugin),Set(Atom(sbt.plugins.IvyPlugin)))
[debug] Clause(Atom(sbt.ScriptedPlugin),Set(Atom(sbt.plugins.JvmPlugin)))
[debug] Clause(Atom(sbt.plugins.SbtPlugin),Set(Atom(sbt.ScriptedPlugin)))
[debug] Clause(Atom(sbt.plugins.SemanticdbPlugin),Set(Atom(sbt.plugins.JvmPlugin)))
[debug] Clause(Atom(sbt.plugins.JUnitXmlReportPlugin),Set(Atom(sbt.plugins.JvmPlugin)))
[debug] Clause(Atom(sbt.plugins.MiniDependencyTreePlugin),Set(Atom(sbt.plugins.JvmPlugin)))
[debug] Clause(Atom(org.jetbrains.sbt.GenerateAllManagedSourcesPlugin),Set(Atom(sbt.plugins.JvmPlugin)))
[debug] Clause(Atom(org.jetbrains.sbt.StructurePlugin),Set(Atom(sbt.plugins.JvmPlugin)))
[debug] Clause(Atom(org.jetbrains.sbt.IdeaShellPlugin),Set(Atom(sbt.plugins.JvmPlugin)))
[debug] Clause(Atom(sbt.plugins.CorePlugin),Set(Atom(sbt.plugins.IvyPlugin)))
[debug] Clause(Atom(sbt.plugins.IvyPlugin),Set(Atom(sbt.plugins.JvmPlugin)))
[debug] Clause(Atom(sbt.plugins.JvmPlugin),Set(Atom(sbt.plugins.SemanticdbPlugin)))
[debug] Clause(Atom(sbt.plugins.JvmPlugin),Set(Atom(sbt.plugins.JUnitXmlReportPlugin)))
[debug] Clause(Atom(sbt.plugins.CorePlugin),Set(Atom(sbt.plugins.Giter8TemplatePlugin)))
[debug] Clause(Atom(sbt.plugins.JvmPlugin),Set(Atom(sbt.plugins.MiniDependencyTreePlugin)))
[debug] Clause(Atom(sbt.plugins.JvmPlugin),Set(Atom(org.jetbrains.sbt.GenerateAllManagedSourcesPlugin)))
[debug] Clause(Atom(sbt.plugins.JvmPlugin),Set(Atom(org.jetbrains.sbt.StructurePlugin)))
[debug] Clause(Atom(sbt.plugins.JvmPlugin),Set(Atom(org.jetbrains.sbt.IdeaShellPlugin))))
[debug]   :: deduced result: Matched(sbt.plugins.CorePlugin,sbt.plugins.Giter8TemplatePlugin,sbt.plugins.IvyPlugin,sbt.plugins.JvmPlugin,org.jetbrains.sbt.GenerateAllManagedSourcesPlugin,sbt.plugins.SemanticdbPlugin,sbt.plugins.JUnitXmlReportPlugin,org.jetbrains.sbt.IdeaShellPlugin,org.jetbrains.sbt.StructurePlugin,sbt.plugins.MiniDependencyTreePlugin)
[debug] Plugins.deducer#function took 1.6717 ms
[info] loading settings for project spark-retail-analytics-platform from build.sbt...
[debug]         Load.resolveProject(spark-retail-analytics-platform) took 27.2414ms
[debug]       Load.loadTransitive: finalizeProject(Project(id spark-retail-analytics-platform, base: C:\nita\nsutreja_repo\spark-retail-analytics-platform, plugins: List(<none>))) took 29.4361ms
[debug] [Loading] Done in C:\nita\nsutreja_repo\spark-retail-analytics-platform, returning: (spark-retail-analytics-platform)
[debug]     Load.loadUnit: loadedProjectsRaw took 2008.3503ms
[debug]     Load.loadUnit: cleanEvalClasses took 17.2677ms
[debug]   Load.loadUnit(file:/C:/nita/nsutreja_repo/spark-retail-analytics-platform/, ...) took 3284.7284ms
[debug] Load.apply: load took 3286.6103ms
[debug] Load.apply: resolveProjects took 0.0807ms
[debug] Load.apply: finalTransforms took 20.7436ms
[debug] Load.apply: config.delegates took 0.3022ms
[debug] Load.apply: Def.make(settings)... took 58.0823ms
[debug] Load.apply: structureIndex took 14.7174ms
[debug] Load.apply: mkStreams took 0.0029ms
[info] set current project to spark-retail-analytics-platform (in build file:/C:/nita/nsutreja_repo/spark-retail-analytics-platform/)
[debug] > Exec(sbtPopOnFailure, None, None)
[debug] > Exec(resumeFromFailure, None, None)
[debug] > Exec(notifyUsersAboutShell, None, None)
[debug] > Exec(iflast shell, None, None)
[debug] > Exec(idea-shell, None, None)
